
> smart-archive-management-frontend@1.0.0 dev
> vite --host 0.0.0.0

[2m22:34:32[22m [36m[1m[vite][22m[39m [90m[2m(client)[22m[39m Re-optimizing dependencies because lockfile has changed

  [32m[1mVITE[22m v8.0.2[39m  [2mready in [0m[1m460[22m[2m[0m ms[22m

  [32m➜[39m  [1mLocal[22m:   [36mhttp://localhost:[1m5173[22m/[39m
  [32m➜[39m  [1mNetwork[22m: [36mhttp://198.18.0.1:[1m5173[22m/[39m
  [32m➜[39m  [1mNetwork[22m: [36mhttp://192.168.1.55:[1m5173[22m/[39m
[2m22:36:52[22m [36m[1m[vite][22m[39m [90m[2m(client)[22m[39m [32mhmr update [39m[2m/src/views/base-data/BaseDataWarehouseView.vue[22m
[2m22:38:02[22m [36m[1m[vite][22m[39m [90m[2m(client)[22m[39m [32mhmr update [39m[2m/src/views/base-data/BaseDataWarehouseView.vue[22m
[2m22:39:15[22m [36m[1m[vite][22m[39m [90m[2m(client)[22m[39m [32mhmr update [39m[2m/src/views/base-data/BaseDataWarehouseView.vue, /src/views/base-data/BaseDataWarehouseView.vue?vue&type=style&index=0&scoped=99b58f5f&lang.css[22m
[2m22:52:23[22m [36m[1m[vite][22m[39m [90m[2m(client)[22m[39m [32mhmr update [39m[2m/src/views/base-data/DocumentTypeManagementView.vue, /src/views/base-data/DocumentTypeManagementView.vue?vue&type=style&index=0&scoped=4a5bf851&lang.css[22m
[2m22:54:03[22m [36m[1m[vite][22m[39m [90m[2m(client)[22m[39m [32mhmr update [39m[2m/src/views/base-data/BaseDataCompanyProjectDetailView.vue, /src/views/base-data/BaseDataCompanyProjectListView.vue[22m
[2m22:55:24[22m [36m[1m[vite][22m[39m [90m[2m(client)[22m[39m [32mhmr update [39m[2m/src/views/base-data/BaseDataCompanyProjectListView.vue[22m
[2m22:56:36[22m [36m[1m[vite][22m[39m [90m[2m(client)[22m[39m [32mhmr update [39m[2m/src/views/base-data/BaseDataCompanyProjectDetailView.vue[22m
[2m22:57:48[22m [36m[1m[vite][22m[39m [90m[2m(client)[22m[39m [32mhmr update [39m[2m/src/views/base-data/BaseDataCompanyProjectDetailView.vue, /src/views/base-data/BaseDataCompanyProjectDetailView.vue?vue&type=style&index=0&scoped=49b70bad&lang.css[22m
[2m23:04:26[22m [36m[1m[vite][22m[39m [90m[2m(client)[22m[39m [32mhmr update [39m[2m/src/views/base-data/BaseDataCompanyProjectDetailView.vue, /src/views/base-data/BaseDataCompanyProjectListView.vue[22m
[2m23:05:28[22m [36m[1m[vite][22m[39m [90m[2m(client)[22m[39m [32mpage reload [39m[2msrc/router/index.ts[22m
[2m23:05:28[22m [36m[1m[vite][22m[39m [90m[2m(client)[22m[39m [32mhmr update [39m[2m/src/layouts/ConsoleLayout.vue[22m
[2m23:20:26[22m [36m[1m[vite][22m[39m [90m[2m(client)[22m[39m [32mpage reload [39m[2msrc/router/index.ts[22m
[2m23:20:26[22m [36m[1m[vite][22m[39m [90m[2m(client)[22m[39m [32mhmr update [39m[2m/src/layouts/ConsoleLayout.vue[22m
[2m23:48:28[22m [36m[1m[vite][22m[39m [90m[2m(client)[22m[39m [32mhmr update [39m[2m/src/views/base-data/BaseDataWarehouseView.vue[22m
[2m23:54:14[22m [36m[1m[vite][22m[39m [90m[2m(client)[22m[39m [32mhmr update [39m[2m/src/views/base-data/BaseDataWarehouseView.vue[22m
[2m23:54:52[22m [36m[1m[vite][22m[39m [90m[2m(client)[22m[39m [32mhmr update [39m[2m/src/views/base-data/BaseDataWarehouseView.vue[22m
[2m23:57:08[22m [36m[1m[vite][22m[39m [90m[2m(client)[22m[39m [32mhmr update [39m[2m/src/views/base-data/BaseDataWarehouseView.vue, /src/views/base-data/BaseDataWarehouseView.vue?vue&type=style&index=0&scoped=99b58f5f&lang.css[22m
[2m23:57:35[22m [36m[1m[vite][22m[39m [90m[2m(client)[22m[39m [32mhmr update [39m[2m/src/views/base-data/BaseDataWarehouseView.vue?vue&type=style&index=0&scoped=99b58f5f&lang.css[22m
[2m00:33:50[22m [36m[1m[vite][22m[39m [90m[2m(client)[22m[39m [32mhmr update [39m[2m/src/views/base-data/BaseDataWarehouseView.vue[22m
[2m00:35:00[22m [36m[1m[vite][22m[39m [90m[2m(client)[22m[39m [32mhmr update [39m[2m/src/views/base-data/BaseDataWarehouseView.vue[22m
[2m00:36:45[22m [36m[1m[vite][22m[39m [90m[2m(client)[22m[39m [32mhmr update [39m[2m/src/views/base-data/BaseDataWarehouseView.vue, /src/views/base-data/BaseDataWarehouseView.vue?vue&type=style&index=0&scoped=99b58f5f&lang.css[22m
[2m00:36:46[22m [36m[1m[vite][22m[39m [90m[2m(client)[22m[39m [32m✨ new dependencies optimized: [33m@element-plus/icons-vue[32m[39m
[2m00:36:46[22m [36m[1m[vite][22m[39m [90m[2m(client)[22m[39m [32m✨ optimized dependencies changed. reloading[39m
[2m08:41:58[22m [36m[1m[vite][22m[39m [90m[2m(client)[22m[39m [32mhmr update [39m[2m/src/views/base-data/BaseDataCompanyProjectDetailView.vue[22m
[2m09:21:35[22m [36m[1m[vite][22m[39m [90m[2m(client)[22m[39m [32mhmr update [39m[2m/src/views/base-data/BaseDataCompanyProjectListView.vue[22m
[2m09:22:53[22m [36m[1m[vite][22m[39m [90m[2m(client)[22m[39m [32mhmr update [39m[2m/src/views/base-data/BaseDataCompanyProjectListView.vue[22m
[2m09:24:00[22m [36m[1m[vite][22m[39m [90m[2m(client)[22m[39m [32mhmr update [39m[2m/src/views/base-data/BaseDataDocumentOrganizationView.vue[22m
[2m09:24:00[22m [36m[1m[vite][22m[39m [90m[2m(client)[22m[39m [32mhmr update [39m[2m/src/views/base-data/BaseDataDocumentOrganizationView.vue[22m
[2m09:25:02[22m [36m[1m[vite][22m[39m [90m[2m(client)[22m[39m [32mhmr update [39m[2m/src/views/base-data/BaseDataDocumentOrganizationView.vue[22m
[2m09:26:12[22m [36m[1m[vite][22m[39m [90m[2m(client)[22m[39m [32mhmr update [39m[2m/src/views/base-data/BaseDataCompanyProjectDetailView.vue, /src/views/base-data/BaseDataCompanyProjectDetailView.vue?vue&type=style&index=0&scoped=49b70bad&lang.css[22m
[2m09:26:27[22m [36m[1m[vite][22m[39m [90m[2m(client)[22m[39m [32mhmr update [39m[2m/src/views/base-data/BaseDataCompanyProjectDetailView.vue[22m
[2m10:03:05[22m [36m[1m[vite][22m[39m [90m[2m(client)[22m[39m [32mpage reload [39m[2msrc/router/index.ts[22m
[2m10:03:38[22m [36m[1m[vite][22m[39m [90m[2m(client)[22m[39m [32mhmr update [39m[2m/src/layouts/ConsoleLayout.vue[22m
[2m10:05:47[22m [36m[1m[vite][22m[39m [90m[2m(client)[22m[39m [32mhmr update [39m[2m/src/views/base-data/BaseDataDocumentOrganizationView.vue[22m
[2m10:06:18[22m [36m[1m[vite][22m[39m [90m[2m(client)[22m[39m [32mpage reload [39m[2msrc/router/index.ts[22m
