Standard Commons Logging discovery in action with spring-jcl: please remove commons-logging.jar from classpath in order to avoid potential conflicts

  .   ____          _            __ _ _
 /\\ / ___'_ __ _ _(_)_ __  __ _ \ \ \ \
( ( )\___ | '_ | '_| | '_ \/ _` | \ \ \ \
 \\/  ___)| |_)| | | | | || (_| |  ) ) ) )
  '  |____| .__|_| |_|_| |_\__, | / / / /
 =========|_|==============|___/=/_/_/_/

 :: Spring Boot ::                (v3.3.5)

2026-03-28T11:32:14.733+08:00  INFO 24440 --- [smart-archive-management-backend] [           main] c.s.IntelligentArchiveApplication        : Starting IntelligentArchiveApplication using Java 17.0.11 with PID 24440 (D:\AI project\smart-archive-management-system\backend\target\classes started by likuisheng1995 in D:\AI project\smart-archive-management-system\backend)
2026-03-28T11:32:14.737+08:00  INFO 24440 --- [smart-archive-management-backend] [           main] c.s.IntelligentArchiveApplication        : No active profile set, falling back to 1 default profile: "default"
2026-03-28T11:32:15.952+08:00  INFO 24440 --- [smart-archive-management-backend] [           main] .s.d.r.c.RepositoryConfigurationDelegate : Multiple Spring Data modules found, entering strict repository configuration mode
2026-03-28T11:32:15.955+08:00  INFO 24440 --- [smart-archive-management-backend] [           main] .s.d.r.c.RepositoryConfigurationDelegate : Bootstrapping Spring Data Redis repositories in DEFAULT mode.
2026-03-28T11:32:16.026+08:00  INFO 24440 --- [smart-archive-management-backend] [           main] .s.d.r.c.RepositoryConfigurationDelegate : Finished Spring Data repository scanning in 51 ms. Found 0 Redis repository interfaces.
2026-03-28T11:32:16.816+08:00  INFO 24440 --- [smart-archive-management-backend] [           main] o.s.b.w.embedded.tomcat.TomcatWebServer  : Tomcat initialized with port 8080 (http)
2026-03-28T11:32:16.835+08:00  INFO 24440 --- [smart-archive-management-backend] [           main] o.apache.catalina.core.StandardService   : Starting service [Tomcat]
2026-03-28T11:32:16.835+08:00  INFO 24440 --- [smart-archive-management-backend] [           main] o.apache.catalina.core.StandardEngine    : Starting Servlet engine: [Apache Tomcat/10.1.31]
2026-03-28T11:32:16.947+08:00  INFO 24440 --- [smart-archive-management-backend] [           main] o.a.c.c.C.[Tomcat].[localhost].[/]       : Initializing Spring embedded WebApplicationContext
2026-03-28T11:32:16.948+08:00  INFO 24440 --- [smart-archive-management-backend] [           main] w.s.c.ServletWebServerApplicationContext : Root WebApplicationContext: initialization completed in 2156 ms
Standard Commons Logging discovery in action with spring-jcl: please remove commons-logging.jar from classpath in order to avoid potential conflicts
 _ _   |_  _ _|_. ___ _ |    _ 
| | |\/|_)(_| | |_\  |_)||_|_\ 
     /               |         
                        3.5.7 
2026-03-28T11:32:19.051+08:00  INFO 24440 --- [smart-archive-management-backend] [           main] o.f.s.b.c.CmmnEngineAutoConfiguration    : No deployment resources were found for autodeployment
2026-03-28T11:32:19.104+08:00  INFO 24440 --- [smart-archive-management-backend] [           main] o.f.s.b.dmn.DmnEngineAutoConfiguration   : No deployment resources were found for autodeployment
2026-03-28T11:32:19.158+08:00  INFO 24440 --- [smart-archive-management-backend] [           main] o.f.s.b.e.EventRegistryAutoConfiguration : No deployment resources were found for autodeployment
2026-03-28T11:32:19.218+08:00  INFO 24440 --- [smart-archive-management-backend] [           main] o.f.s.b.app.AppEngineAutoConfiguration   : No deployment resources were found for autodeployment
2026-03-28T11:32:19.234+08:00  INFO 24440 --- [smart-archive-management-backend] [           main] o.f.a.s.SpringAppEngineConfiguration     : Found 5 Engine Configurators in total:
2026-03-28T11:32:19.236+08:00  INFO 24440 --- [smart-archive-management-backend] [           main] o.f.a.s.SpringAppEngineConfiguration     : class org.flowable.engine.spring.configurator.SpringProcessEngineConfigurator (priority:50000)
2026-03-28T11:32:19.237+08:00  INFO 24440 --- [smart-archive-management-backend] [           main] o.f.a.s.SpringAppEngineConfiguration     : class org.flowable.eventregistry.spring.configurator.SpringEventRegistryConfigurator (priority:100000)
2026-03-28T11:32:19.237+08:00  INFO 24440 --- [smart-archive-management-backend] [           main] o.f.a.s.SpringAppEngineConfiguration     : class org.flowable.idm.spring.configurator.SpringIdmEngineConfigurator (priority:150000)
2026-03-28T11:32:19.238+08:00  INFO 24440 --- [smart-archive-management-backend] [           main] o.f.a.s.SpringAppEngineConfiguration     : class org.flowable.dmn.spring.configurator.SpringDmnEngineConfigurator (priority:200000)
2026-03-28T11:32:19.238+08:00  INFO 24440 --- [smart-archive-management-backend] [           main] o.f.a.s.SpringAppEngineConfiguration     : class org.flowable.cmmn.spring.configurator.SpringCmmnEngineConfigurator (priority:500000)
2026-03-28T11:32:19.238+08:00  INFO 24440 --- [smart-archive-management-backend] [           main] o.f.a.s.SpringAppEngineConfiguration     : Executing beforeInit() of class org.flowable.engine.spring.configurator.SpringProcessEngineConfigurator (priority:50000)
2026-03-28T11:32:19.250+08:00  INFO 24440 --- [smart-archive-management-backend] [           main] o.f.a.s.SpringAppEngineConfiguration     : Executing beforeInit() of class org.flowable.eventregistry.spring.configurator.SpringEventRegistryConfigurator (priority:100000)
2026-03-28T11:32:19.256+08:00  INFO 24440 --- [smart-archive-management-backend] [           main] o.f.a.s.SpringAppEngineConfiguration     : Executing beforeInit() of class org.flowable.idm.spring.configurator.SpringIdmEngineConfigurator (priority:150000)
2026-03-28T11:32:19.257+08:00  INFO 24440 --- [smart-archive-management-backend] [           main] o.f.a.s.SpringAppEngineConfiguration     : Executing beforeInit() of class org.flowable.dmn.spring.configurator.SpringDmnEngineConfigurator (priority:200000)
2026-03-28T11:32:19.261+08:00  INFO 24440 --- [smart-archive-management-backend] [           main] o.f.a.s.SpringAppEngineConfiguration     : Executing beforeInit() of class org.flowable.cmmn.spring.configurator.SpringCmmnEngineConfigurator (priority:500000)
2026-03-28T11:32:19.324+08:00  INFO 24440 --- [smart-archive-management-backend] [           main] com.zaxxer.hikari.HikariDataSource       : HikariPool-1 - Starting...
2026-03-28T11:32:19.549+08:00  INFO 24440 --- [smart-archive-management-backend] [           main] com.zaxxer.hikari.pool.HikariPool        : HikariPool-1 - Added connection org.postgresql.jdbc.PgConnection@278cb145
2026-03-28T11:32:19.551+08:00  INFO 24440 --- [smart-archive-management-backend] [           main] com.zaxxer.hikari.HikariDataSource       : HikariPool-1 - Start completed.
2026-03-28T11:32:21.094+08:00  INFO 24440 --- [smart-archive-management-backend] [           main] o.f.a.s.SpringAppEngineConfiguration     : Executing configure() of class org.flowable.engine.spring.configurator.SpringProcessEngineConfigurator (priority:50000)
2026-03-28T11:32:21.235+08:00  INFO 24440 --- [smart-archive-management-backend] [           main] o.f.engine.impl.ProcessEngineImpl        : ProcessEngine default created
2026-03-28T11:32:21.261+08:00  INFO 24440 --- [smart-archive-management-backend] [           main] o.f.e.impl.cmd.ValidateV5EntitiesCmd     : Total of v5 deployments found: 0
2026-03-28T11:32:21.264+08:00  INFO 24440 --- [smart-archive-management-backend] [           main] o.f.a.s.SpringAppEngineConfiguration     : Executing configure() of class org.flowable.eventregistry.spring.configurator.SpringEventRegistryConfigurator (priority:100000)
2026-03-28T11:32:21.389+08:00  INFO 24440 --- [smart-archive-management-backend] [           main] liquibase.database                       : Set default schema name to public
2026-03-28T11:32:21.732+08:00  INFO 24440 --- [smart-archive-management-backend] [           main] liquibase.changelog                      : Reading from public.flw_ev_databasechangelog
Database is up to date, no changesets to execute
2026-03-28T11:32:21.769+08:00  INFO 24440 --- [smart-archive-management-backend] [           main] liquibase.changelog                      : Reading from public.flw_ev_databasechangelog

UPDATE SUMMARY
Run:                          0
Previously run:               3
Filtered out:                 0
-------------------------------
Total change sets:            3

2026-03-28T11:32:21.777+08:00  INFO 24440 --- [smart-archive-management-backend] [           main] liquibase.util                           : UPDATE SUMMARY
2026-03-28T11:32:21.777+08:00  INFO 24440 --- [smart-archive-management-backend] [           main] liquibase.util                           : Run:                          0
2026-03-28T11:32:21.778+08:00  INFO 24440 --- [smart-archive-management-backend] [           main] liquibase.util                           : Previously run:               3
2026-03-28T11:32:21.778+08:00  INFO 24440 --- [smart-archive-management-backend] [           main] liquibase.util                           : Filtered out:                 0
2026-03-28T11:32:21.778+08:00  INFO 24440 --- [smart-archive-management-backend] [           main] liquibase.util                           : -------------------------------
2026-03-28T11:32:21.778+08:00  INFO 24440 --- [smart-archive-management-backend] [           main] liquibase.util                           : Total change sets:            3
2026-03-28T11:32:21.779+08:00  INFO 24440 --- [smart-archive-management-backend] [           main] liquibase.util                           : Update summary generated
2026-03-28T11:32:21.792+08:00  INFO 24440 --- [smart-archive-management-backend] [           main] liquibase.lockservice                    : Successfully released change log lock
2026-03-28T11:32:21.794+08:00  INFO 24440 --- [smart-archive-management-backend] [           main] liquibase.command                        : Command execution complete
2026-03-28T11:32:21.795+08:00  INFO 24440 --- [smart-archive-management-backend] [           main] o.f.e.impl.EventRegistryEngineImpl       : EventRegistryEngine default created
2026-03-28T11:32:21.796+08:00  INFO 24440 --- [smart-archive-management-backend] [           main] o.f.a.s.SpringAppEngineConfiguration     : Executing configure() of class org.flowable.idm.spring.configurator.SpringIdmEngineConfigurator (priority:150000)
2026-03-28T11:32:21.804+08:00  INFO 24440 --- [smart-archive-management-backend] [           main] o.f.idm.engine.impl.IdmEngineImpl        : IdmEngine default created
2026-03-28T11:32:21.805+08:00  INFO 24440 --- [smart-archive-management-backend] [           main] o.f.a.s.SpringAppEngineConfiguration     : Executing configure() of class org.flowable.dmn.spring.configurator.SpringDmnEngineConfigurator (priority:200000)
2026-03-28T11:32:21.823+08:00  INFO 24440 --- [smart-archive-management-backend] [           main] liquibase.database                       : Set default schema name to public
2026-03-28T11:32:21.852+08:00  INFO 24440 --- [smart-archive-management-backend] [           main] liquibase.changelog                      : Reading from public.act_dmn_databasechangelog
Database is up to date, no changesets to execute
2026-03-28T11:32:21.869+08:00  INFO 24440 --- [smart-archive-management-backend] [           main] liquibase.changelog                      : Reading from public.act_dmn_databasechangelog

UPDATE SUMMARY
Run:                          0
Previously run:               8
Filtered out:                 1
-------------------------------
Total change sets:            9


FILTERED CHANGE SETS SUMMARY
DBMS mismatch:                1

2026-03-28T11:32:21.874+08:00  INFO 24440 --- [smart-archive-management-backend] [           main] liquibase.util                           : UPDATE SUMMARY
2026-03-28T11:32:21.874+08:00  INFO 24440 --- [smart-archive-management-backend] [           main] liquibase.util                           : Run:                          0
2026-03-28T11:32:21.874+08:00  INFO 24440 --- [smart-archive-management-backend] [           main] liquibase.util                           : Previously run:               8
2026-03-28T11:32:21.875+08:00  INFO 24440 --- [smart-archive-management-backend] [           main] liquibase.util                           : Filtered out:                 1
2026-03-28T11:32:21.875+08:00  INFO 24440 --- [smart-archive-management-backend] [           main] liquibase.util                           : -------------------------------
2026-03-28T11:32:21.875+08:00  INFO 24440 --- [smart-archive-management-backend] [           main] liquibase.util                           : Total change sets:            9
2026-03-28T11:32:21.875+08:00  INFO 24440 --- [smart-archive-management-backend] [           main] liquibase.util                           : FILTERED CHANGE SETS SUMMARY
2026-03-28T11:32:21.875+08:00  INFO 24440 --- [smart-archive-management-backend] [           main] liquibase.util                           : DBMS mismatch:                1
2026-03-28T11:32:21.877+08:00  INFO 24440 --- [smart-archive-management-backend] [           main] liquibase.util                           : Update summary generated
2026-03-28T11:32:21.879+08:00  INFO 24440 --- [smart-archive-management-backend] [           main] liquibase.lockservice                    : Successfully released change log lock
2026-03-28T11:32:21.880+08:00  INFO 24440 --- [smart-archive-management-backend] [           main] liquibase.command                        : Command execution complete
2026-03-28T11:32:21.881+08:00  INFO 24440 --- [smart-archive-management-backend] [           main] o.f.dmn.engine.impl.DmnEngineImpl        : DmnEngine default created
2026-03-28T11:32:21.882+08:00  INFO 24440 --- [smart-archive-management-backend] [           main] o.f.a.s.SpringAppEngineConfiguration     : Executing configure() of class org.flowable.cmmn.spring.configurator.SpringCmmnEngineConfigurator (priority:500000)
2026-03-28T11:32:21.940+08:00  INFO 24440 --- [smart-archive-management-backend] [           main] liquibase.database                       : Set default schema name to public
2026-03-28T11:32:21.981+08:00  INFO 24440 --- [smart-archive-management-backend] [           main] liquibase.changelog                      : Reading from public.act_cmmn_databasechangelog
Database is up to date, no changesets to execute
2026-03-28T11:32:22.017+08:00  INFO 24440 --- [smart-archive-management-backend] [           main] liquibase.changelog                      : Reading from public.act_cmmn_databasechangelog

UPDATE SUMMARY
Run:                          0
Previously run:              15
Filtered out:                 2
-------------------------------
Total change sets:           17


FILTERED CHANGE SETS SUMMARY
DBMS mismatch:                2

2026-03-28T11:32:22.022+08:00  INFO 24440 --- [smart-archive-management-backend] [           main] liquibase.util                           : UPDATE SUMMARY
2026-03-28T11:32:22.023+08:00  INFO 24440 --- [smart-archive-management-backend] [           main] liquibase.util                           : Run:                          0
2026-03-28T11:32:22.023+08:00  INFO 24440 --- [smart-archive-management-backend] [           main] liquibase.util                           : Previously run:              15
2026-03-28T11:32:22.023+08:00  INFO 24440 --- [smart-archive-management-backend] [           main] liquibase.util                           : Filtered out:                 2
2026-03-28T11:32:22.024+08:00  INFO 24440 --- [smart-archive-management-backend] [           main] liquibase.util                           : -------------------------------
2026-03-28T11:32:22.024+08:00  INFO 24440 --- [smart-archive-management-backend] [           main] liquibase.util                           : Total change sets:           17
2026-03-28T11:32:22.024+08:00  INFO 24440 --- [smart-archive-management-backend] [           main] liquibase.util                           : FILTERED CHANGE SETS SUMMARY
2026-03-28T11:32:22.024+08:00  INFO 24440 --- [smart-archive-management-backend] [           main] liquibase.util                           : DBMS mismatch:                2
2026-03-28T11:32:22.025+08:00  INFO 24440 --- [smart-archive-management-backend] [           main] liquibase.util                           : Update summary generated
2026-03-28T11:32:22.027+08:00  INFO 24440 --- [smart-archive-management-backend] [           main] liquibase.lockservice                    : Successfully released change log lock
2026-03-28T11:32:22.028+08:00  INFO 24440 --- [smart-archive-management-backend] [           main] liquibase.command                        : Command execution complete
2026-03-28T11:32:22.028+08:00  INFO 24440 --- [smart-archive-management-backend] [           main] o.f.cmmn.engine.impl.CmmnEngineImpl      : CmmnEngine default created
2026-03-28T11:32:22.049+08:00  INFO 24440 --- [smart-archive-management-backend] [           main] liquibase.database                       : Set default schema name to public
2026-03-28T11:32:22.067+08:00  INFO 24440 --- [smart-archive-management-backend] [           main] liquibase.changelog                      : Reading from public.act_app_databasechangelog
Database is up to date, no changesets to execute
2026-03-28T11:32:22.075+08:00  INFO 24440 --- [smart-archive-management-backend] [           main] liquibase.changelog                      : Reading from public.act_app_databasechangelog

UPDATE SUMMARY
Run:                          0
Previously run:               2
Filtered out:                 1
-------------------------------
Total change sets:            3


FILTERED CHANGE SETS SUMMARY
DBMS mismatch:                1

2026-03-28T11:32:22.078+08:00  INFO 24440 --- [smart-archive-management-backend] [           main] liquibase.util                           : UPDATE SUMMARY
2026-03-28T11:32:22.078+08:00  INFO 24440 --- [smart-archive-management-backend] [           main] liquibase.util                           : Run:                          0
2026-03-28T11:32:22.078+08:00  INFO 24440 --- [smart-archive-management-backend] [           main] liquibase.util                           : Previously run:               2
2026-03-28T11:32:22.078+08:00  INFO 24440 --- [smart-archive-management-backend] [           main] liquibase.util                           : Filtered out:                 1
2026-03-28T11:32:22.079+08:00  INFO 24440 --- [smart-archive-management-backend] [           main] liquibase.util                           : -------------------------------
2026-03-28T11:32:22.079+08:00  INFO 24440 --- [smart-archive-management-backend] [           main] liquibase.util                           : Total change sets:            3
2026-03-28T11:32:22.079+08:00  INFO 24440 --- [smart-archive-management-backend] [           main] liquibase.util                           : FILTERED CHANGE SETS SUMMARY
2026-03-28T11:32:22.080+08:00  INFO 24440 --- [smart-archive-management-backend] [           main] liquibase.util                           : DBMS mismatch:                1
2026-03-28T11:32:22.080+08:00  INFO 24440 --- [smart-archive-management-backend] [           main] liquibase.util                           : Update summary generated
2026-03-28T11:32:22.084+08:00  INFO 24440 --- [smart-archive-management-backend] [           main] liquibase.lockservice                    : Successfully released change log lock
2026-03-28T11:32:22.085+08:00  INFO 24440 --- [smart-archive-management-backend] [           main] liquibase.command                        : Command execution complete
2026-03-28T11:32:22.086+08:00  INFO 24440 --- [smart-archive-management-backend] [           main] o.f.app.engine.impl.AppEngineImpl        : AppEngine default created
2026-03-28T11:32:23.751+08:00  INFO 24440 --- [smart-archive-management-backend] [           main] o.f.j.s.i.a.AbstractAsyncExecutor        : Starting up the async job executor [org.flowable.spring.job.service.SpringAsyncExecutor] for engine cmmn
2026-03-28T11:32:23.766+08:00  INFO 24440 --- [smart-archive-management-backend] [       Thread-3] o.f.j.s.i.a.ResetExpiredJobsRunnable     : starting to reset expired jobs for engine cmmn
2026-03-28T11:32:23.767+08:00  INFO 24440 --- [smart-archive-management-backend] [           main] o.f.j.s.i.a.AbstractAsyncExecutor        : Starting up the async job executor [org.flowable.spring.job.service.SpringAsyncExecutor] for engine bpmn
2026-03-28T11:32:23.768+08:00  INFO 24440 --- [smart-archive-management-backend] [       Thread-2] o.f.j.s.i.a.AcquireTimerJobsRunnable     : starting to acquire async jobs due for engine cmmn
2026-03-28T11:32:23.768+08:00  INFO 24440 --- [smart-archive-management-backend] [       Thread-1] o.f.j.s.i.a.AcquireAsyncJobsDueRunnable  : starting to acquire async jobs due for engine cmmn
2026-03-28T11:32:23.770+08:00  INFO 24440 --- [smart-archive-management-backend] [       Thread-5] o.f.j.s.i.a.AcquireTimerJobsRunnable     : starting to acquire async jobs due for engine bpmn
2026-03-28T11:32:23.770+08:00  INFO 24440 --- [smart-archive-management-backend] [       Thread-6] o.f.j.s.i.a.ResetExpiredJobsRunnable     : starting to reset expired jobs for engine bpmn
2026-03-28T11:32:23.770+08:00  INFO 24440 --- [smart-archive-management-backend] [       Thread-4] o.f.j.s.i.a.AcquireAsyncJobsDueRunnable  : starting to acquire async jobs due for engine bpmn
2026-03-28T11:32:23.771+08:00  INFO 24440 --- [smart-archive-management-backend] [           main] o.f.s.c.DefaultAutoDeploymentStrategy    : Deploying resources [file [D:\AI project\smart-archive-management-system\backend\target\classes\processes\documentTransfer.bpmn20.xml]] for engine org.flowable.engine.impl.ProcessEngineImpl@15974f4e deployment name hint SpringBootAutoDeployment
2026-03-28T11:32:23.827+08:00  INFO 24440 --- [smart-archive-management-backend] [           main] o.s.b.w.embedded.tomcat.TomcatWebServer  : Tomcat started on port 8080 (http) with context path '/'
2026-03-28T11:32:23.844+08:00  INFO 24440 --- [smart-archive-management-backend] [           main] c.s.IntelligentArchiveApplication        : Started IntelligentArchiveApplication in 9.448 seconds (process running for 9.906)
2026-03-28T11:32:52.420+08:00  INFO 24440 --- [smart-archive-management-backend] [nio-8080-exec-1] o.a.c.c.C.[Tomcat].[localhost].[/]       : Initializing Spring DispatcherServlet 'dispatcherServlet'
2026-03-28T11:32:52.421+08:00  INFO 24440 --- [smart-archive-management-backend] [nio-8080-exec-1] o.s.web.servlet.DispatcherServlet        : Initializing Servlet 'dispatcherServlet'
2026-03-28T11:32:52.421+08:00  INFO 24440 --- [smart-archive-management-backend] [nio-8080-exec-1] o.s.web.servlet.DispatcherServlet        : Completed initialization in 0 ms
