[INFO] Scanning for projects...
[INFO] 
[INFO] ---------< com.smartarchive:smart-archive-management-backend >----------
[INFO] Building smart-archive-management-backend 1.0.0
[INFO]   from pom.xml
[INFO] --------------------------------[ jar ]---------------------------------
[INFO] 
[INFO] >>> spring-boot:3.3.5:run (default-cli) > test-compile @ smart-archive-management-backend >>>
[INFO] 
[INFO] --- resources:3.3.1:resources (default-resources) @ smart-archive-management-backend ---
[INFO] Copying 1 resource from src\main\resources to target\classes
[INFO] Copying 1 resource from src\main\resources to target\classes
[INFO] 
[INFO] --- compiler:3.13.0:compile (default-compile) @ smart-archive-management-backend ---
[INFO] Nothing to compile - all classes are up to date.
[INFO] 
[INFO] --- resources:3.3.1:testResources (default-testResources) @ smart-archive-management-backend ---
[INFO] skip non existing resourceDirectory D:\AI project\smart-archive-management-system\backend\src\test\resources
[INFO] 
[INFO] --- compiler:3.13.0:testCompile (default-testCompile) @ smart-archive-management-backend ---
[INFO] No sources to compile
[INFO] 
[INFO] <<< spring-boot:3.3.5:run (default-cli) < test-compile @ smart-archive-management-backend <<<
[INFO] 
[INFO] 
[INFO] --- spring-boot:3.3.5:run (default-cli) @ smart-archive-management-backend ---
[INFO] Attaching agents: []

  .   ____          _            __ _ _
 /\\ / ___'_ __ _ _(_)_ __  __ _ \ \ \ \
( ( )\___ | '_ | '_| | '_ \/ _` | \ \ \ \
 \\/  ___)| |_)| | | | | || (_| |  ) ) ) )
  '  |____| .__|_| |_|_| |_\__, | / / / /
 =========|_|==============|___/=/_/_/_/

 :: Spring Boot ::                (v3.3.5)

2026-03-24T00:38:26.633+08:00  INFO 26508 --- [smart-archive-management-backend] [           main] c.s.IntelligentArchiveApplication        : Starting IntelligentArchiveApplication using Java 17.0.11 with PID 26508 (D:\AI project\smart-archive-management-system\backend\target\classes started by likuisheng1995 in D:\AI project\smart-archive-management-system\backend)
2026-03-24T00:38:26.635+08:00  INFO 26508 --- [smart-archive-management-backend] [           main] c.s.IntelligentArchiveApplication        : No active profile set, falling back to 1 default profile: "default"
2026-03-24T00:38:27.130+08:00  INFO 26508 --- [smart-archive-management-backend] [           main] .s.d.r.c.RepositoryConfigurationDelegate : Multiple Spring Data modules found, entering strict repository configuration mode
2026-03-24T00:38:27.132+08:00  INFO 26508 --- [smart-archive-management-backend] [           main] .s.d.r.c.RepositoryConfigurationDelegate : Bootstrapping Spring Data Redis repositories in DEFAULT mode.
2026-03-24T00:38:27.167+08:00  INFO 26508 --- [smart-archive-management-backend] [           main] .s.d.r.c.RepositoryConfigurationDelegate : Finished Spring Data repository scanning in 25 ms. Found 0 Redis repository interfaces.
2026-03-24T00:38:27.659+08:00  INFO 26508 --- [smart-archive-management-backend] [           main] o.s.b.w.embedded.tomcat.TomcatWebServer  : Tomcat initialized with port 8080 (http)
2026-03-24T00:38:27.670+08:00  INFO 26508 --- [smart-archive-management-backend] [           main] o.apache.catalina.core.StandardService   : Starting service [Tomcat]
2026-03-24T00:38:27.671+08:00  INFO 26508 --- [smart-archive-management-backend] [           main] o.apache.catalina.core.StandardEngine    : Starting Servlet engine: [Apache Tomcat/10.1.31]
2026-03-24T00:38:27.725+08:00  INFO 26508 --- [smart-archive-management-backend] [           main] o.a.c.c.C.[Tomcat].[localhost].[/]       : Initializing Spring embedded WebApplicationContext
2026-03-24T00:38:27.726+08:00  INFO 26508 --- [smart-archive-management-backend] [           main] w.s.c.ServletWebServerApplicationContext : Root WebApplicationContext: initialization completed in 1053 ms
 _ _   |_  _ _|_. ___ _ |    _ 
| | |\/|_)(_| | |_\  |_)||_|_\ 
     /               |         
                        3.5.7 
2026-03-24T00:38:28.794+08:00  INFO 26508 --- [smart-archive-management-backend] [           main] o.s.b.w.embedded.tomcat.TomcatWebServer  : Tomcat started on port 8080 (http) with context path '/'
2026-03-24T00:38:28.801+08:00  INFO 26508 --- [smart-archive-management-backend] [           main] c.s.IntelligentArchiveApplication        : Started IntelligentArchiveApplication in 2.442 seconds (process running for 2.684)
2026-03-24T00:38:35.106+08:00  INFO 26508 --- [smart-archive-management-backend] [nio-8080-exec-1] o.a.c.c.C.[Tomcat].[localhost].[/]       : Initializing Spring DispatcherServlet 'dispatcherServlet'
2026-03-24T00:38:35.106+08:00  INFO 26508 --- [smart-archive-management-backend] [nio-8080-exec-1] o.s.web.servlet.DispatcherServlet        : Initializing Servlet 'dispatcherServlet'
2026-03-24T00:38:35.107+08:00  INFO 26508 --- [smart-archive-management-backend] [nio-8080-exec-1] o.s.web.servlet.DispatcherServlet        : Completed initialization in 1 ms
2026-03-24T00:38:35.175+08:00  INFO 26508 --- [smart-archive-management-backend] [nio-8080-exec-1] com.zaxxer.hikari.HikariDataSource       : HikariPool-1 - Starting...
2026-03-24T00:38:35.306+08:00  INFO 26508 --- [smart-archive-management-backend] [nio-8080-exec-1] com.zaxxer.hikari.pool.HikariPool        : HikariPool-1 - Added connection org.postgresql.jdbc.PgConnection@7d86975d
2026-03-24T00:38:35.308+08:00  INFO 26508 --- [smart-archive-management-backend] [nio-8080-exec-1] com.zaxxer.hikari.HikariDataSource       : HikariPool-1 - Start completed.
[INFO] ------------------------------------------------------------------------
[INFO] BUILD FAILURE
[INFO] ------------------------------------------------------------------------
[INFO] Total time:  04:55 min
[INFO] Finished at: 2026-03-24T00:43:20+08:00
[INFO] ------------------------------------------------------------------------
[ERROR] Failed to execute goal org.springframework.boot:spring-boot-maven-plugin:3.3.5:run (default-cli) on project smart-archive-management-backend: Process terminated with exit code: -1 -> [Help 1]
[ERROR] 
[ERROR] To see the full stack trace of the errors, re-run Maven with the -e switch.
[ERROR] Re-run Maven using the -X switch to enable full debug logging.
[ERROR] 
[ERROR] For more information about the errors and possible solutions, please read the following articles:
[ERROR] [Help 1] http://cwiki.apache.org/confluence/display/MAVEN/MojoExecutionException
