[INFO] Scanning for projects...
[INFO] 
[INFO] ---------< com.smartarchive:smart-archive-management-backend >----------
[INFO] Building smart-archive-management-backend 1.0.0
[INFO]   from pom.xml
[INFO] --------------------------------[ jar ]---------------------------------
[INFO] 
[INFO] >>> spring-boot:3.3.5:run (default-cli) > test-compile @ smart-archive-management-backend >>>
[INFO] 
[INFO] --- resources:3.3.1:resources (default-resources) @ smart-archive-management-backend ---
[INFO] Copying 1 resource from src\main\resources to target\classes
[INFO] Copying 15 resources from src\main\resources to target\classes
[INFO] 
[INFO] --- compiler:3.13.0:compile (default-compile) @ smart-archive-management-backend ---
[INFO] Nothing to compile - all classes are up to date.
[INFO] 
[INFO] --- resources:3.3.1:testResources (default-testResources) @ smart-archive-management-backend ---
[INFO] skip non existing resourceDirectory D:\AI project\smart-archive-management-system\backend\src\test\resources
[INFO] 
[INFO] --- compiler:3.13.0:testCompile (default-testCompile) @ smart-archive-management-backend ---
[INFO] No sources to compile
[INFO] 
[INFO] <<< spring-boot:3.3.5:run (default-cli) < test-compile @ smart-archive-management-backend <<<
[INFO] 
[INFO] 
[INFO] --- spring-boot:3.3.5:run (default-cli) @ smart-archive-management-backend ---
[INFO] Attaching agents: []
Standard Commons Logging discovery in action with spring-jcl: please remove commons-logging.jar from classpath in order to avoid potential conflicts

  .   ____          _            __ _ _
 /\\ / ___'_ __ _ _(_)_ __  __ _ \ \ \ \
( ( )\___ | '_ | '_| | '_ \/ _` | \ \ \ \
 \\/  ___)| |_)| | | | | || (_| |  ) ) ) )
  '  |____| .__|_| |_|_| |_\__, | / / / /
 =========|_|==============|___/=/_/_/_/

 :: Spring Boot ::                (v3.3.5)

2026-03-28T11:01:58.664+08:00  INFO 2200 --- [smart-archive-management-backend] [           main] c.s.IntelligentArchiveApplication        : Starting IntelligentArchiveApplication using Java 17.0.11 with PID 2200 (D:\AI project\smart-archive-management-system\backend\target\classes started by likuisheng1995 in D:\AI project\smart-archive-management-system\backend)
2026-03-28T11:01:58.666+08:00  INFO 2200 --- [smart-archive-management-backend] [           main] c.s.IntelligentArchiveApplication        : No active profile set, falling back to 1 default profile: "default"
2026-03-28T11:01:59.486+08:00  INFO 2200 --- [smart-archive-management-backend] [           main] .s.d.r.c.RepositoryConfigurationDelegate : Multiple Spring Data modules found, entering strict repository configuration mode
2026-03-28T11:01:59.488+08:00  INFO 2200 --- [smart-archive-management-backend] [           main] .s.d.r.c.RepositoryConfigurationDelegate : Bootstrapping Spring Data Redis repositories in DEFAULT mode.
2026-03-28T11:01:59.537+08:00  INFO 2200 --- [smart-archive-management-backend] [           main] .s.d.r.c.RepositoryConfigurationDelegate : Finished Spring Data repository scanning in 36 ms. Found 0 Redis repository interfaces.
2026-03-28T11:02:00.118+08:00  INFO 2200 --- [smart-archive-management-backend] [           main] o.s.b.w.embedded.tomcat.TomcatWebServer  : Tomcat initialized with port 8080 (http)
2026-03-28T11:02:00.132+08:00  INFO 2200 --- [smart-archive-management-backend] [           main] o.apache.catalina.core.StandardService   : Starting service [Tomcat]
2026-03-28T11:02:00.133+08:00  INFO 2200 --- [smart-archive-management-backend] [           main] o.apache.catalina.core.StandardEngine    : Starting Servlet engine: [Apache Tomcat/10.1.31]
2026-03-28T11:02:00.213+08:00  INFO 2200 --- [smart-archive-management-backend] [           main] o.a.c.c.C.[Tomcat].[localhost].[/]       : Initializing Spring embedded WebApplicationContext
2026-03-28T11:02:00.214+08:00  INFO 2200 --- [smart-archive-management-backend] [           main] w.s.c.ServletWebServerApplicationContext : Root WebApplicationContext: initialization completed in 1511 ms
Standard Commons Logging discovery in action with spring-jcl: please remove commons-logging.jar from classpath in order to avoid potential conflicts
 _ _   |_  _ _|_. ___ _ |    _ 
| | |\/|_)(_| | |_\  |_)||_|_\ 
     /               |         
                        3.5.7 
2026-03-28T11:02:02.132+08:00  INFO 2200 --- [smart-archive-management-backend] [           main] o.f.s.b.c.CmmnEngineAutoConfiguration    : No deployment resources were found for autodeployment
2026-03-28T11:02:02.192+08:00  INFO 2200 --- [smart-archive-management-backend] [           main] o.f.s.b.dmn.DmnEngineAutoConfiguration   : No deployment resources were found for autodeployment
2026-03-28T11:02:02.222+08:00  INFO 2200 --- [smart-archive-management-backend] [           main] o.f.s.b.e.EventRegistryAutoConfiguration : No deployment resources were found for autodeployment
2026-03-28T11:02:02.248+08:00  INFO 2200 --- [smart-archive-management-backend] [           main] o.f.s.b.app.AppEngineAutoConfiguration   : No deployment resources were found for autodeployment
2026-03-28T11:02:02.261+08:00  INFO 2200 --- [smart-archive-management-backend] [           main] o.f.a.s.SpringAppEngineConfiguration     : Found 5 Engine Configurators in total:
2026-03-28T11:02:02.263+08:00  INFO 2200 --- [smart-archive-management-backend] [           main] o.f.a.s.SpringAppEngineConfiguration     : class org.flowable.engine.spring.configurator.SpringProcessEngineConfigurator (priority:50000)
2026-03-28T11:02:02.263+08:00  INFO 2200 --- [smart-archive-management-backend] [           main] o.f.a.s.SpringAppEngineConfiguration     : class org.flowable.eventregistry.spring.configurator.SpringEventRegistryConfigurator (priority:100000)
2026-03-28T11:02:02.264+08:00  INFO 2200 --- [smart-archive-management-backend] [           main] o.f.a.s.SpringAppEngineConfiguration     : class org.flowable.idm.spring.configurator.SpringIdmEngineConfigurator (priority:150000)
2026-03-28T11:02:02.264+08:00  INFO 2200 --- [smart-archive-management-backend] [           main] o.f.a.s.SpringAppEngineConfiguration     : class org.flowable.dmn.spring.configurator.SpringDmnEngineConfigurator (priority:200000)
2026-03-28T11:02:02.264+08:00  INFO 2200 --- [smart-archive-management-backend] [           main] o.f.a.s.SpringAppEngineConfiguration     : class org.flowable.cmmn.spring.configurator.SpringCmmnEngineConfigurator (priority:500000)
2026-03-28T11:02:02.264+08:00  INFO 2200 --- [smart-archive-management-backend] [           main] o.f.a.s.SpringAppEngineConfiguration     : Executing beforeInit() of class org.flowable.engine.spring.configurator.SpringProcessEngineConfigurator (priority:50000)
2026-03-28T11:02:02.273+08:00  INFO 2200 --- [smart-archive-management-backend] [           main] o.f.a.s.SpringAppEngineConfiguration     : Executing beforeInit() of class org.flowable.eventregistry.spring.configurator.SpringEventRegistryConfigurator (priority:100000)
2026-03-28T11:02:02.275+08:00  INFO 2200 --- [smart-archive-management-backend] [           main] o.f.a.s.SpringAppEngineConfiguration     : Executing beforeInit() of class org.flowable.idm.spring.configurator.SpringIdmEngineConfigurator (priority:150000)
2026-03-28T11:02:02.276+08:00  INFO 2200 --- [smart-archive-management-backend] [           main] o.f.a.s.SpringAppEngineConfiguration     : Executing beforeInit() of class org.flowable.dmn.spring.configurator.SpringDmnEngineConfigurator (priority:200000)
2026-03-28T11:02:02.278+08:00  INFO 2200 --- [smart-archive-management-backend] [           main] o.f.a.s.SpringAppEngineConfiguration     : Executing beforeInit() of class org.flowable.cmmn.spring.configurator.SpringCmmnEngineConfigurator (priority:500000)
2026-03-28T11:02:02.295+08:00  INFO 2200 --- [smart-archive-management-backend] [           main] com.zaxxer.hikari.HikariDataSource       : HikariPool-1 - Starting...
2026-03-28T11:02:02.456+08:00  INFO 2200 --- [smart-archive-management-backend] [           main] com.zaxxer.hikari.pool.HikariPool        : HikariPool-1 - Added connection org.postgresql.jdbc.PgConnection@505a8582
2026-03-28T11:02:02.457+08:00  INFO 2200 --- [smart-archive-management-backend] [           main] com.zaxxer.hikari.HikariDataSource       : HikariPool-1 - Start completed.
2026-03-28T11:02:03.556+08:00  INFO 2200 --- [smart-archive-management-backend] [           main] o.f.a.s.SpringAppEngineConfiguration     : Executing configure() of class org.flowable.engine.spring.configurator.SpringProcessEngineConfigurator (priority:50000)
2026-03-28T11:02:03.807+08:00  INFO 2200 --- [smart-archive-management-backend] [           main] o.f.engine.impl.ProcessEngineImpl        : ProcessEngine default created
2026-03-28T11:02:03.843+08:00  INFO 2200 --- [smart-archive-management-backend] [           main] o.f.e.impl.cmd.ValidateV5EntitiesCmd     : Total of v5 deployments found: 0
2026-03-28T11:02:03.846+08:00  INFO 2200 --- [smart-archive-management-backend] [           main] o.f.a.s.SpringAppEngineConfiguration     : Executing configure() of class org.flowable.eventregistry.spring.configurator.SpringEventRegistryConfigurator (priority:100000)
2026-03-28T11:02:04.099+08:00  INFO 2200 --- [smart-archive-management-backend] [           main] liquibase.database                       : Set default schema name to public
2026-03-28T11:02:04.554+08:00  INFO 2200 --- [smart-archive-management-backend] [           main] liquibase.changelog                      : Reading from public.flw_ev_databasechangelog
Database is up to date, no changesets to execute
2026-03-28T11:02:04.610+08:00  INFO 2200 --- [smart-archive-management-backend] [           main] liquibase.changelog                      : Reading from public.flw_ev_databasechangelog

UPDATE SUMMARY
Run:                          0
Previously run:               3
Filtered out:                 0
-------------------------------
Total change sets:            3

2026-03-28T11:02:04.617+08:00  INFO 2200 --- [smart-archive-management-backend] [           main] liquibase.util                           : UPDATE SUMMARY
2026-03-28T11:02:04.617+08:00  INFO 2200 --- [smart-archive-management-backend] [           main] liquibase.util                           : Run:                          0
2026-03-28T11:02:04.617+08:00  INFO 2200 --- [smart-archive-management-backend] [           main] liquibase.util                           : Previously run:               3
2026-03-28T11:02:04.617+08:00  INFO 2200 --- [smart-archive-management-backend] [           main] liquibase.util                           : Filtered out:                 0
2026-03-28T11:02:04.617+08:00  INFO 2200 --- [smart-archive-management-backend] [           main] liquibase.util                           : -------------------------------
2026-03-28T11:02:04.617+08:00  INFO 2200 --- [smart-archive-management-backend] [           main] liquibase.util                           : Total change sets:            3
2026-03-28T11:02:04.618+08:00  INFO 2200 --- [smart-archive-management-backend] [           main] liquibase.util                           : Update summary generated
2026-03-28T11:02:04.634+08:00  INFO 2200 --- [smart-archive-management-backend] [           main] liquibase.lockservice                    : Successfully released change log lock
2026-03-28T11:02:04.635+08:00  INFO 2200 --- [smart-archive-management-backend] [           main] liquibase.command                        : Command execution complete
2026-03-28T11:02:04.636+08:00  INFO 2200 --- [smart-archive-management-backend] [           main] o.f.e.impl.EventRegistryEngineImpl       : EventRegistryEngine default created
2026-03-28T11:02:04.637+08:00  INFO 2200 --- [smart-archive-management-backend] [           main] o.f.a.s.SpringAppEngineConfiguration     : Executing configure() of class org.flowable.idm.spring.configurator.SpringIdmEngineConfigurator (priority:150000)
2026-03-28T11:02:04.650+08:00  INFO 2200 --- [smart-archive-management-backend] [           main] o.f.idm.engine.impl.IdmEngineImpl        : IdmEngine default created
2026-03-28T11:02:04.651+08:00  INFO 2200 --- [smart-archive-management-backend] [           main] o.f.a.s.SpringAppEngineConfiguration     : Executing configure() of class org.flowable.dmn.spring.configurator.SpringDmnEngineConfigurator (priority:200000)
2026-03-28T11:02:04.684+08:00  INFO 2200 --- [smart-archive-management-backend] [           main] liquibase.database                       : Set default schema name to public
2026-03-28T11:02:04.724+08:00  INFO 2200 --- [smart-archive-management-backend] [           main] liquibase.changelog                      : Reading from public.act_dmn_databasechangelog
Database is up to date, no changesets to execute
2026-03-28T11:02:04.748+08:00  INFO 2200 --- [smart-archive-management-backend] [           main] liquibase.changelog                      : Reading from public.act_dmn_databasechangelog

UPDATE SUMMARY
Run:                          0
Previously run:               8
Filtered out:                 1
-------------------------------
Total change sets:            9


FILTERED CHANGE SETS SUMMARY
DBMS mismatch:                1

2026-03-28T11:02:04.753+08:00  INFO 2200 --- [smart-archive-management-backend] [           main] liquibase.util                           : UPDATE SUMMARY
2026-03-28T11:02:04.754+08:00  INFO 2200 --- [smart-archive-management-backend] [           main] liquibase.util                           : Run:                          0
2026-03-28T11:02:04.754+08:00  INFO 2200 --- [smart-archive-management-backend] [           main] liquibase.util                           : Previously run:               8
2026-03-28T11:02:04.754+08:00  INFO 2200 --- [smart-archive-management-backend] [           main] liquibase.util                           : Filtered out:                 1
2026-03-28T11:02:04.755+08:00  INFO 2200 --- [smart-archive-management-backend] [           main] liquibase.util                           : -------------------------------
2026-03-28T11:02:04.755+08:00  INFO 2200 --- [smart-archive-management-backend] [           main] liquibase.util                           : Total change sets:            9
2026-03-28T11:02:04.755+08:00  INFO 2200 --- [smart-archive-management-backend] [           main] liquibase.util                           : FILTERED CHANGE SETS SUMMARY
2026-03-28T11:02:04.755+08:00  INFO 2200 --- [smart-archive-management-backend] [           main] liquibase.util                           : DBMS mismatch:                1
2026-03-28T11:02:04.758+08:00  INFO 2200 --- [smart-archive-management-backend] [           main] liquibase.util                           : Update summary generated
2026-03-28T11:02:04.760+08:00  INFO 2200 --- [smart-archive-management-backend] [           main] liquibase.lockservice                    : Successfully released change log lock
2026-03-28T11:02:04.761+08:00  INFO 2200 --- [smart-archive-management-backend] [           main] liquibase.command                        : Command execution complete
2026-03-28T11:02:04.762+08:00  INFO 2200 --- [smart-archive-management-backend] [           main] o.f.dmn.engine.impl.DmnEngineImpl        : DmnEngine default created
2026-03-28T11:02:04.763+08:00  INFO 2200 --- [smart-archive-management-backend] [           main] o.f.a.s.SpringAppEngineConfiguration     : Executing configure() of class org.flowable.cmmn.spring.configurator.SpringCmmnEngineConfigurator (priority:500000)
2026-03-28T11:02:04.938+08:00  INFO 2200 --- [smart-archive-management-backend] [           main] liquibase.database                       : Set default schema name to public
2026-03-28T11:02:04.994+08:00  INFO 2200 --- [smart-archive-management-backend] [           main] liquibase.changelog                      : Reading from public.act_cmmn_databasechangelog
Database is up to date, no changesets to execute
2026-03-28T11:02:05.035+08:00  INFO 2200 --- [smart-archive-management-backend] [           main] liquibase.changelog                      : Reading from public.act_cmmn_databasechangelog

UPDATE SUMMARY
Run:                          0
Previously run:              15
Filtered out:                 2
-------------------------------
Total change sets:           17


FILTERED CHANGE SETS SUMMARY
DBMS mismatch:                2

2026-03-28T11:02:05.045+08:00  INFO 2200 --- [smart-archive-management-backend] [           main] liquibase.util                           : UPDATE SUMMARY
2026-03-28T11:02:05.048+08:00  INFO 2200 --- [smart-archive-management-backend] [           main] liquibase.util                           : Run:                          0
2026-03-28T11:02:05.049+08:00  INFO 2200 --- [smart-archive-management-backend] [           main] liquibase.util                           : Previously run:              15
2026-03-28T11:02:05.049+08:00  INFO 2200 --- [smart-archive-management-backend] [           main] liquibase.util                           : Filtered out:                 2
2026-03-28T11:02:05.049+08:00  INFO 2200 --- [smart-archive-management-backend] [           main] liquibase.util                           : -------------------------------
2026-03-28T11:02:05.050+08:00  INFO 2200 --- [smart-archive-management-backend] [           main] liquibase.util                           : Total change sets:           17
2026-03-28T11:02:05.050+08:00  INFO 2200 --- [smart-archive-management-backend] [           main] liquibase.util                           : FILTERED CHANGE SETS SUMMARY
2026-03-28T11:02:05.051+08:00  INFO 2200 --- [smart-archive-management-backend] [           main] liquibase.util                           : DBMS mismatch:                2
2026-03-28T11:02:05.052+08:00  INFO 2200 --- [smart-archive-management-backend] [           main] liquibase.util                           : Update summary generated
2026-03-28T11:02:05.055+08:00  INFO 2200 --- [smart-archive-management-backend] [           main] liquibase.lockservice                    : Successfully released change log lock
2026-03-28T11:02:05.056+08:00  INFO 2200 --- [smart-archive-management-backend] [           main] liquibase.command                        : Command execution complete
2026-03-28T11:02:05.057+08:00  INFO 2200 --- [smart-archive-management-backend] [           main] o.f.cmmn.engine.impl.CmmnEngineImpl      : CmmnEngine default created
2026-03-28T11:02:05.080+08:00  INFO 2200 --- [smart-archive-management-backend] [           main] liquibase.database                       : Set default schema name to public
2026-03-28T11:02:05.112+08:00  INFO 2200 --- [smart-archive-management-backend] [           main] liquibase.changelog                      : Reading from public.act_app_databasechangelog
Database is up to date, no changesets to execute
2026-03-28T11:02:05.126+08:00  INFO 2200 --- [smart-archive-management-backend] [           main] liquibase.changelog                      : Reading from public.act_app_databasechangelog

UPDATE SUMMARY
Run:                          0
Previously run:               2
Filtered out:                 1
-------------------------------
Total change sets:            3


FILTERED CHANGE SETS SUMMARY
DBMS mismatch:                1

2026-03-28T11:02:05.132+08:00  INFO 2200 --- [smart-archive-management-backend] [           main] liquibase.util                           : UPDATE SUMMARY
2026-03-28T11:02:05.134+08:00  INFO 2200 --- [smart-archive-management-backend] [           main] liquibase.util                           : Run:                          0
2026-03-28T11:02:05.136+08:00  INFO 2200 --- [smart-archive-management-backend] [           main] liquibase.util                           : Previously run:               2
2026-03-28T11:02:05.137+08:00  INFO 2200 --- [smart-archive-management-backend] [           main] liquibase.util                           : Filtered out:                 1
2026-03-28T11:02:05.137+08:00  INFO 2200 --- [smart-archive-management-backend] [           main] liquibase.util                           : -------------------------------
2026-03-28T11:02:05.137+08:00  INFO 2200 --- [smart-archive-management-backend] [           main] liquibase.util                           : Total change sets:            3
2026-03-28T11:02:05.138+08:00  INFO 2200 --- [smart-archive-management-backend] [           main] liquibase.util                           : FILTERED CHANGE SETS SUMMARY
2026-03-28T11:02:05.138+08:00  INFO 2200 --- [smart-archive-management-backend] [           main] liquibase.util                           : DBMS mismatch:                1
2026-03-28T11:02:05.138+08:00  INFO 2200 --- [smart-archive-management-backend] [           main] liquibase.util                           : Update summary generated
2026-03-28T11:02:05.141+08:00  INFO 2200 --- [smart-archive-management-backend] [           main] liquibase.lockservice                    : Successfully released change log lock
2026-03-28T11:02:05.145+08:00  INFO 2200 --- [smart-archive-management-backend] [           main] liquibase.command                        : Command execution complete
2026-03-28T11:02:05.148+08:00  INFO 2200 --- [smart-archive-management-backend] [           main] o.f.app.engine.impl.AppEngineImpl        : AppEngine default created
2026-03-28T11:02:06.299+08:00  INFO 2200 --- [smart-archive-management-backend] [           main] o.f.j.s.i.a.AbstractAsyncExecutor        : Starting up the async job executor [org.flowable.spring.job.service.SpringAsyncExecutor] for engine cmmn
2026-03-28T11:02:06.311+08:00  INFO 2200 --- [smart-archive-management-backend] [           main] o.f.j.s.i.a.AbstractAsyncExecutor        : Starting up the async job executor [org.flowable.spring.job.service.SpringAsyncExecutor] for engine bpmn
2026-03-28T11:02:06.312+08:00  INFO 2200 --- [smart-archive-management-backend] [       Thread-1] o.f.j.s.i.a.AcquireAsyncJobsDueRunnable  : starting to acquire async jobs due for engine cmmn
2026-03-28T11:02:06.313+08:00  INFO 2200 --- [smart-archive-management-backend] [       Thread-2] o.f.j.s.i.a.AcquireTimerJobsRunnable     : starting to acquire async jobs due for engine cmmn
2026-03-28T11:02:06.313+08:00  INFO 2200 --- [smart-archive-management-backend] [       Thread-3] o.f.j.s.i.a.ResetExpiredJobsRunnable     : starting to reset expired jobs for engine cmmn
2026-03-28T11:02:06.315+08:00  INFO 2200 --- [smart-archive-management-backend] [           main] o.f.s.c.DefaultAutoDeploymentStrategy    : Deploying resources [file [D:\AI project\smart-archive-management-system\backend\target\classes\processes\documentTransfer.bpmn20.xml]] for engine org.flowable.engine.impl.ProcessEngineImpl@7ef8cfbb deployment name hint SpringBootAutoDeployment
2026-03-28T11:02:06.317+08:00  INFO 2200 --- [smart-archive-management-backend] [       Thread-4] o.f.j.s.i.a.AcquireAsyncJobsDueRunnable  : starting to acquire async jobs due for engine bpmn
2026-03-28T11:02:06.318+08:00  INFO 2200 --- [smart-archive-management-backend] [       Thread-5] o.f.j.s.i.a.AcquireTimerJobsRunnable     : starting to acquire async jobs due for engine bpmn
2026-03-28T11:02:06.318+08:00  INFO 2200 --- [smart-archive-management-backend] [       Thread-6] o.f.j.s.i.a.ResetExpiredJobsRunnable     : starting to reset expired jobs for engine bpmn
2026-03-28T11:02:06.847+08:00  INFO 2200 --- [smart-archive-management-backend] [           main] o.s.b.w.embedded.tomcat.TomcatWebServer  : Tomcat started on port 8080 (http) with context path '/'
2026-03-28T11:02:06.861+08:00  INFO 2200 --- [smart-archive-management-backend] [           main] c.s.IntelligentArchiveApplication        : Started IntelligentArchiveApplication in 8.495 seconds (process running for 8.867)
2026-03-28T11:03:03.538+08:00  INFO 2200 --- [smart-archive-management-backend] [nio-8080-exec-1] o.a.c.c.C.[Tomcat].[localhost].[/]       : Initializing Spring DispatcherServlet 'dispatcherServlet'
2026-03-28T11:03:03.539+08:00  INFO 2200 --- [smart-archive-management-backend] [nio-8080-exec-1] o.s.web.servlet.DispatcherServlet        : Initializing Servlet 'dispatcherServlet'
2026-03-28T11:03:03.542+08:00  INFO 2200 --- [smart-archive-management-backend] [nio-8080-exec-1] o.s.web.servlet.DispatcherServlet        : Completed initialization in 2 ms
[INFO] ------------------------------------------------------------------------
[INFO] BUILD FAILURE
[INFO] ------------------------------------------------------------------------
[INFO] Total time:  13:47 min
[INFO] Finished at: 2026-03-28T11:15:41+08:00
[INFO] ------------------------------------------------------------------------
[ERROR] Failed to execute goal org.springframework.boot:spring-boot-maven-plugin:3.3.5:run (default-cli) on project smart-archive-management-backend: Process terminated with exit code: -1 -> [Help 1]
[ERROR] 
[ERROR] To see the full stack trace of the errors, re-run Maven with the -e switch.
[ERROR] Re-run Maven using the -X switch to enable full debug logging.
[ERROR] 
[ERROR] For more information about the errors and possible solutions, please read the following articles:
[ERROR] [Help 1] http://cwiki.apache.org/confluence/display/MAVEN/MojoExecutionException
