[INFO] Scanning for projects...
[INFO] 
[INFO] ---------< com.smartarchive:smart-archive-management-backend >----------
[INFO] Building smart-archive-management-backend 1.0.0
[INFO]   from pom.xml
[INFO] --------------------------------[ jar ]---------------------------------
[INFO] 
[INFO] >>> spring-boot:3.3.5:run (default-cli) > test-compile @ smart-archive-management-backend >>>
[INFO] 
[INFO] --- resources:3.3.1:resources (default-resources) @ smart-archive-management-backend ---
[INFO] Copying 1 resource from src\main\resources to target\classes
[INFO] Copying 1 resource from src\main\resources to target\classes
[INFO] 
[INFO] --- compiler:3.13.0:compile (default-compile) @ smart-archive-management-backend ---
[INFO] Nothing to compile - all classes are up to date.
[INFO] 
[INFO] --- resources:3.3.1:testResources (default-testResources) @ smart-archive-management-backend ---
[INFO] skip non existing resourceDirectory D:\AI project\smart-archive-management-system\backend\src\test\resources
[INFO] 
[INFO] --- compiler:3.13.0:testCompile (default-testCompile) @ smart-archive-management-backend ---
[INFO] No sources to compile
[INFO] 
[INFO] <<< spring-boot:3.3.5:run (default-cli) < test-compile @ smart-archive-management-backend <<<
[INFO] 
[INFO] 
[INFO] --- spring-boot:3.3.5:run (default-cli) @ smart-archive-management-backend ---
[INFO] Attaching agents: []

  .   ____          _            __ _ _
 /\\ / ___'_ __ _ _(_)_ __  __ _ \ \ \ \
( ( )\___ | '_ | '_| | '_ \/ _` | \ \ \ \
 \\/  ___)| |_)| | | | | || (_| |  ) ) ) )
  '  |____| .__|_| |_|_| |_\__, | / / / /
 =========|_|==============|___/=/_/_/_/

 :: Spring Boot ::                (v3.3.5)

2026-03-24T00:43:45.562+08:00  INFO 7924 --- [smart-archive-management-backend] [           main] c.s.IntelligentArchiveApplication        : Starting IntelligentArchiveApplication using Java 17.0.11 with PID 7924 (D:\AI project\smart-archive-management-system\backend\target\classes started by likuisheng1995 in D:\AI project\smart-archive-management-system\backend)
2026-03-24T00:43:45.564+08:00  INFO 7924 --- [smart-archive-management-backend] [           main] c.s.IntelligentArchiveApplication        : No active profile set, falling back to 1 default profile: "default"
2026-03-24T00:43:46.071+08:00  INFO 7924 --- [smart-archive-management-backend] [           main] .s.d.r.c.RepositoryConfigurationDelegate : Multiple Spring Data modules found, entering strict repository configuration mode
2026-03-24T00:43:46.074+08:00  INFO 7924 --- [smart-archive-management-backend] [           main] .s.d.r.c.RepositoryConfigurationDelegate : Bootstrapping Spring Data Redis repositories in DEFAULT mode.
2026-03-24T00:43:46.115+08:00  INFO 7924 --- [smart-archive-management-backend] [           main] .s.d.r.c.RepositoryConfigurationDelegate : Finished Spring Data repository scanning in 31 ms. Found 0 Redis repository interfaces.
2026-03-24T00:43:46.617+08:00  INFO 7924 --- [smart-archive-management-backend] [           main] o.s.b.w.embedded.tomcat.TomcatWebServer  : Tomcat initialized with port 8080 (http)
2026-03-24T00:43:46.628+08:00  INFO 7924 --- [smart-archive-management-backend] [           main] o.apache.catalina.core.StandardService   : Starting service [Tomcat]
2026-03-24T00:43:46.628+08:00  INFO 7924 --- [smart-archive-management-backend] [           main] o.apache.catalina.core.StandardEngine    : Starting Servlet engine: [Apache Tomcat/10.1.31]
2026-03-24T00:43:46.681+08:00  INFO 7924 --- [smart-archive-management-backend] [           main] o.a.c.c.C.[Tomcat].[localhost].[/]       : Initializing Spring embedded WebApplicationContext
2026-03-24T00:43:46.682+08:00  INFO 7924 --- [smart-archive-management-backend] [           main] w.s.c.ServletWebServerApplicationContext : Root WebApplicationContext: initialization completed in 1080 ms
 _ _   |_  _ _|_. ___ _ |    _ 
| | |\/|_)(_| | |_\  |_)||_|_\ 
     /               |         
                        3.5.7 
2026-03-24T00:43:47.720+08:00  INFO 7924 --- [smart-archive-management-backend] [           main] o.s.b.w.embedded.tomcat.TomcatWebServer  : Tomcat started on port 8080 (http) with context path '/'
2026-03-24T00:43:47.726+08:00  INFO 7924 --- [smart-archive-management-backend] [           main] c.s.IntelligentArchiveApplication        : Started IntelligentArchiveApplication in 2.434 seconds (process running for 2.673)
2026-03-24T00:43:58.804+08:00  INFO 7924 --- [smart-archive-management-backend] [nio-8080-exec-1] o.a.c.c.C.[Tomcat].[localhost].[/]       : Initializing Spring DispatcherServlet 'dispatcherServlet'
2026-03-24T00:43:58.805+08:00  INFO 7924 --- [smart-archive-management-backend] [nio-8080-exec-1] o.s.web.servlet.DispatcherServlet        : Initializing Servlet 'dispatcherServlet'
2026-03-24T00:43:58.806+08:00  INFO 7924 --- [smart-archive-management-backend] [nio-8080-exec-1] o.s.web.servlet.DispatcherServlet        : Completed initialization in 1 ms
2026-03-24T00:46:15.484+08:00  INFO 7924 --- [smart-archive-management-backend] [nio-8080-exec-2] com.zaxxer.hikari.HikariDataSource       : HikariPool-1 - Starting...
2026-03-24T00:46:15.638+08:00  INFO 7924 --- [smart-archive-management-backend] [nio-8080-exec-2] com.zaxxer.hikari.pool.HikariPool        : HikariPool-1 - Added connection org.postgresql.jdbc.PgConnection@3d36aa8e
2026-03-24T00:46:15.640+08:00  INFO 7924 --- [smart-archive-management-backend] [nio-8080-exec-2] com.zaxxer.hikari.HikariDataSource       : HikariPool-1 - Start completed.
2026-03-25T00:25:55.167+08:00  WARN 7924 --- [smart-archive-management-backend] [nio-8080-exec-8] com.zaxxer.hikari.pool.PoolBase          : HikariPool-1 - Failed to validate connection org.postgresql.jdbc.PgConnection@fdba9e2 (This connection has been closed.). Possibly consider using a shorter maxLifetime value.
2026-03-25T00:25:55.171+08:00  WARN 7924 --- [smart-archive-management-backend] [nio-8080-exec-8] com.zaxxer.hikari.pool.PoolBase          : HikariPool-1 - Failed to validate connection org.postgresql.jdbc.PgConnection@6b551ad8 (This connection has been closed.). Possibly consider using a shorter maxLifetime value.
2026-03-25T00:25:55.174+08:00  WARN 7924 --- [smart-archive-management-backend] [nio-8080-exec-8] com.zaxxer.hikari.pool.PoolBase          : HikariPool-1 - Failed to validate connection org.postgresql.jdbc.PgConnection@45f72d8d (This connection has been closed.). Possibly consider using a shorter maxLifetime value.
2026-03-25T00:25:55.176+08:00  WARN 7924 --- [smart-archive-management-backend] [nio-8080-exec-8] com.zaxxer.hikari.pool.PoolBase          : HikariPool-1 - Failed to validate connection org.postgresql.jdbc.PgConnection@17310868 (This connection has been closed.). Possibly consider using a shorter maxLifetime value.
2026-03-25T00:25:55.177+08:00  WARN 7924 --- [smart-archive-management-backend] [nio-8080-exec-8] com.zaxxer.hikari.pool.PoolBase          : HikariPool-1 - Failed to validate connection org.postgresql.jdbc.PgConnection@63196a07 (This connection has been closed.). Possibly consider using a shorter maxLifetime value.
2026-03-25T00:25:55.184+08:00  WARN 7924 --- [smart-archive-management-backend] [nio-8080-exec-8] com.zaxxer.hikari.pool.PoolBase          : HikariPool-1 - Failed to validate connection org.postgresql.jdbc.PgConnection@20592f66 (This connection has been closed.). Possibly consider using a shorter maxLifetime value.
2026-03-25T00:25:55.185+08:00  WARN 7924 --- [smart-archive-management-backend] [nio-8080-exec-8] com.zaxxer.hikari.pool.PoolBase          : HikariPool-1 - Failed to validate connection org.postgresql.jdbc.PgConnection@5c3ef5a5 (This connection has been closed.). Possibly consider using a shorter maxLifetime value.
2026-03-25T00:25:55.192+08:00  WARN 7924 --- [smart-archive-management-backend] [nio-8080-exec-8] com.zaxxer.hikari.pool.PoolBase          : HikariPool-1 - Failed to validate connection org.postgresql.jdbc.PgConnection@43d3d402 (This connection has been closed.). Possibly consider using a shorter maxLifetime value.
2026-03-25T00:25:55.192+08:00  WARN 7924 --- [smart-archive-management-backend] [nio-8080-exec-8] com.zaxxer.hikari.pool.PoolBase          : HikariPool-1 - Failed to validate connection org.postgresql.jdbc.PgConnection@6bb2c72d (This connection has been closed.). Possibly consider using a shorter maxLifetime value.
2026-03-25T00:25:55.193+08:00  WARN 7924 --- [smart-archive-management-backend] [nio-8080-exec-8] com.zaxxer.hikari.pool.PoolBase          : HikariPool-1 - Failed to validate connection org.postgresql.jdbc.PgConnection@279f722 (This connection has been closed.). Possibly consider using a shorter maxLifetime value.
